<?xml version="1.0" encoding="UTF-8"?>
<!-- Generated by org.testng.reporters.JUnitReportReporter -->
<testsuite hostname="L-INE-25TSYZ2" failures="0" tests="1" name="com.api.getData.GetNetworkHeader" time="8.543" errors="0" timestamp="2024-11-13T16:24:47 IST" skipped="0">
  <testcase classname="com.api.getData.GetNetworkHeader" name="seleniumTest" time="8.543"/>
  <system-out/>
</testsuite> <!-- com.api.getData.GetNetworkHeader -->
