<?xml version="1.0" encoding="UTF-8"?>
<!-- Generated by org.testng.reporters.JUnitReportReporter -->
<testsuite hostname="L-INE-25TSYZ2" failures="0" tests="1" name="com.api.getData.InterceptRequest" time="6.044" errors="0" timestamp="2024-09-30T16:24:52 IST" skipped="0">
  <testcase classname="com.api.getData.InterceptRequest" name="seleniumTest" time="6.044"/>
  <system-out/>
</testsuite> <!-- com.api.getData.InterceptRequest -->
