<?xml version="1.0" encoding="UTF-8"?>
<!-- Generated by org.testng.reporters.JUnitReportReporter -->
<testsuite hostname="L-INE-25TSYZ2" failures="0" tests="3" name="com.api.getData.PostAPIFlow" time="7.595" errors="0" timestamp="2024-11-19T15:54:52 IST" skipped="0">
  <testcase classname="com.api.getData.PostAPIFlow" name="getRequest" time="2.949"/>
  <system-out/>
  <testcase classname="com.api.getData.PostAPIFlow" name="getNetworkValues" time="3.809"/>
  <system-out/>
  <testcase classname="com.api.getData.PostAPIFlow" name="postRequest" time="0.837"/>
  <system-out/>
</testsuite> <!-- com.api.getData.PostAPIFlow -->
