<?xml version="1.0" encoding="UTF-8"?>
<!-- Generated by org.testng.reporters.JUnitReportReporter -->
<testsuite hostname="L-INE-25TSYZ2" failures="0" tests="2" name="com.api.getData.APIFlow" time="8.039" errors="0" timestamp="2024-11-19T12:34:50 IST" skipped="0">
  <testcase classname="com.api.getData.APIFlow" name="getRequest" time="2.635"/>
  <system-out/>
  <testcase classname="com.api.getData.APIFlow" name="getNetworkValues" time="5.404"/>
  <system-out/>
</testsuite> <!-- com.api.getData.APIFlow -->
